

Microchip MPLAB XC8 Assembler V2.40 build 20220703182018 
                                                                                               Fri Sep 23 19:14:55 2022

Microchip MPLAB XC8 C Compiler v2.40 (Free license) build 20220703182018 Og1 
     1                           	processor	18F57Q43
     2                           	fnconf	rparam,??,?,0
     3                           	pagewidth 120
     4                           	opt	flic
     5                           	psect	cinit,global,reloc=2,class=CODE,delta=1
     6                           	psect	cstackCOMRAM,global,class=COMRAM,space=1,delta=1,lowdata,noexec
     7                           	psect	text0,global,reloc=2,class=CODE,delta=1
     8                           	psect	text1,global,reloc=2,class=CODE,delta=1
     9                           	psect	text2,global,reloc=2,class=CODE,delta=1
    10                           	psect	text3,global,reloc=2,class=CODE,delta=1
    11                           	psect	text4,global,reloc=2,class=CODE,delta=1
    12                           	psect	intsave_regs,global,class=BIGRAM,space=1,delta=1,noexec
    13                           	psect	rparam,global,class=COMRAM,space=1,delta=1,noexec
    14                           	psect	idloc,global,abs,ovrld,class=IDLOC,space=5,delta=1,noexec
    15                           	psect	config,global,abs,ovrld,class=CONFIG,space=4,delta=1,noexec
    16   000000                     
    17                           ; Version 2.40
    18                           ; Generated 08/12/2021 GMT
    19                           ; 
    20                           ; Copyright © 2021, Microchip Technology Inc. and its subsidiaries ("Microchip")
    21                           ; All rights reserved.
    22                           ; 
    23                           ; This software is developed by Microchip Technology Inc. and its subsidiaries ("Microch
      +                          ip").
    24                           ; 
    25                           ; Redistribution and use in source and binary forms, with or without modification, are
    26                           ; permitted provided that the following conditions are met:
    27                           ; 
    28                           ;     1. Redistributions of source code must retain the above copyright notice, this lis
      +                          t of
    29                           ;        conditions and the following disclaimer.
    30                           ; 
    31                           ;     2. Redistributions in binary form must reproduce the above copyright notice, this 
      +                          list
    32                           ;        of conditions and the following disclaimer in the documentation and/or other
    33                           ;        materials provided with the distribution. Publication is not required when
    34                           ;        this file is used in an embedded application.
    35                           ; 
    36                           ;     3. Microchip's name may not be used to endorse or promote products derived from th
      +                          is
    37                           ;        software without specific prior written permission.
    38                           ; 
    39                           ; THIS SOFTWARE IS PROVIDED BY MICROCHIP "AS IS" AND ANY EXPRESS OR IMPLIED WARRANTIES,
    40                           ; INCLUDING, BUT NOT LIMITED TO, THE IMPLIED WARRANTIES OF MERCHANTABILITY AND FITNESS F
      +                          OR
    41                           ; PURPOSE ARE DISCLAIMED.  IN NO EVENT SHALL MICROCHIP BE LIABLE FOR ANY DIRECT, INDIREC
      +                          T,
    42                           ; INCIDENTAL, SPECIAL, EXEMPLARY, OR CONSEQUENTIAL DAMAGES (INCLUDING BUT NOT LIMITED TO
    43                           ; PROCUREMENT OF SUBSTITUTE GOODS OR SERVICES; LOSS OF USE, DATA OR PROFITS; OR BUSINESS
    44                           ; INTERRUPTION) HOWSOEVER CAUSED AND ON ANY THEORY OF LIABILITY, WHETHER IN CONTRACT, ST
      +                          RICT
    45                           ; LIABILITY, OR TORT (INCLUDING NEGLIGENCE OR OTHERWISE) ARISING IN ANY WAY OUT OF THE U
      +                          SE OF
    46                           ; THIS SOFTWARE, EVEN IF ADVISED OF THE POSSIBILITY OF SUCH DAMAGE.
    47                           ; 
    48                           ; 
    49                           ; Code-generator required, PIC18F57Q43 Definitions
    50                           ; 
    51                           ; SFR Addresses
    52   000000                     _OSCTUNE	set	176
    53   000000                     _OSCFRQ	set	177
    54   000000                     _OSCEN	set	179
    55   000000                     _TRISD	set	1225
    56   000000                     _TRISC	set	1224
    57   000000                     _TRISB	set	1223
    58   000000                     _LATC	set	1216
    59   000000                     _LATB	set	1215
    60   000000                     _PMD0	set	96
    61   000000                     _ACTCON	set	172
    62   000000                     _OSCCON1	set	173
    63   000000                     _RC4I2C	set	646
    64   000000                     _RC3I2C	set	647
    65   000000                     _RB2I2C	set	648
    66   000000                     _RB1I2C	set	649
    67   000000                     _ANSELA	set	1024
    68   000000                     _ANSELB	set	1032
    69   000000                     _ANSELC	set	1040
    70   000000                     _ANSELD	set	1048
    71   000000                     _LATA	set	1214
    72   000000                     _LATD	set	1217
    73   000000                     _LATE	set	1218
    74   000000                     _TRISA	set	1222
    75   000000                     _TRISE	set	1226
    76   000000                     _LATF	set	1219
    77   000000                     _TRISF	set	1227
    78   000000                     _INLVLD	set	1052
    79   000000                     _SLRCOND	set	1051
    80   000000                     _ODCOND	set	1050
    81   000000                     _WPUD	set	1049
    82   000000                     _ANSELE	set	1056
    83   000000                     _INLVLC	set	1044
    84   000000                     _SLRCONC	set	1043
    85   000000                     _ODCONC	set	1042
    86   000000                     _WPUC	set	1041
    87   000000                     _INLVLB	set	1036
    88   000000                     _SLRCONB	set	1035
    89   000000                     _ODCONB	set	1034
    90   000000                     _WPUB	set	1033
    91   000000                     _INLVLE	set	1060
    92   000000                     _SLRCONE	set	1059
    93   000000                     _ODCONE	set	1058
    94   000000                     _WPUE	set	1057
    95   000000                     _ANSELF	set	1064
    96   000000                     _INLVLF	set	1068
    97   000000                     _SLRCONF	set	1067
    98   000000                     _ODCONF	set	1066
    99   000000                     _WPUF	set	1065
   100   000000                     _INLVLA	set	1028
   101   000000                     _SLRCONA	set	1027
   102   000000                     _ODCONA	set	1026
   103   000000                     _WPUA	set	1025
   104   000000                     _OSCCON3	set	175
   105   000000                     _PMD3	set	99
   106   000000                     _PMD1	set	97
   107   000000                     _PMD8	set	104
   108   000000                     _PMD7	set	103
   109   000000                     _PMD6	set	102
   110   000000                     _PMD5	set	101
   111   000000                     _PMD4	set	100
   112                           
   113                           ; #config settings
   114                           
   115                           	psect	cinit
   116   01FEA4                     __pcinit:
   117                           	callstack 0
   118   01FEA4                     start_initialization:
   119                           	callstack 0
   120   01FEA4                     __initialization:
   121                           	callstack 0
   122   01FEA4                     end_of_initialization:
   123                           	callstack 0
   124   01FEA4                     __end_of__initialization:
   125                           	callstack 0
   126   01FEA4  0100               	movlb	0
   127   01FEA6  EF7C  F0FF         	goto	_main	;jump to C main() function
   128                           
   129                           	psect	cstackCOMRAM
   130   000501                     __pcstackCOMRAM:
   131                           	callstack 0
   132   000501                     ??_main:
   133                           
   134                           ; 1 bytes @ 0x0
   135   000501                     	ds	1
   136                           
   137 ;;
   138 ;;Main: autosize = 0, tempsize = 1, incstack = 0, save=0
   139 ;;
   140 ;; *************** function _main *****************
   141 ;; Defined at:
   142 ;;		line 50 in file "main.c"
   143 ;; Parameters:    Size  Location     Type
   144 ;;		None
   145 ;; Auto vars:     Size  Location     Type
   146 ;;		None
   147 ;; Return value:  Size  Location     Type
   148 ;;                  1    wreg      void 
   149 ;; Registers used:
   150 ;;		wreg, status,2, cstack
   151 ;; Tracked objects:
   152 ;;		On entry : 0/0
   153 ;;		On exit  : 0/0
   154 ;;		Unchanged: 0/0
   155 ;; Data sizes:     COMRAM   BANK5   BANK6   BANK7   BANK8   BANK9  BANK10  BANK11  BANK12  BANK13  BANK14  BANK15  BANK1
      +6  BANK17  BANK18  BANK19  BANK20  BANK21  BANK22  BANK23  BANK24  BANK25  BANK26  BANK27  BANK28  BANK29  BANK30  BANK3
      +1  BANK32  BANK33  BANK34  BANK35  BANK36
   156 ;;      Params:         0       0       0       0       0       0       0       0       0       0       0       0       
      +0       0       0       0       0       0       0       0       0       0       0       0       0       0       0       
      +0       0       0       0       0       0
   157 ;;      Locals:         0       0       0       0       0       0       0       0       0       0       0       0       
      +0       0       0       0       0       0       0       0       0       0       0       0       0       0       0       
      +0       0       0       0       0       0
   158 ;;      Temps:          1       0       0       0       0       0       0       0       0       0       0       0       
      +0       0       0       0       0       0       0       0       0       0       0       0       0       0       0       
      +0       0       0       0       0       0
   159 ;;      Totals:         1       0       0       0       0       0       0       0       0       0       0       0       
      +0       0       0       0       0       0       0       0       0       0       0       0       0       0       0       
      +0       0       0       0       0       0
   160 ;;Total ram usage:        1 bytes
   161 ;; Hardware stack levels required when called: 2
   162 ;; This function calls:
   163 ;;		_SYSTEM_Initialize
   164 ;; This function is called by:
   165 ;;		Startup code after reset
   166 ;; This function uses a non-reentrant model
   167 ;;
   168                           
   169                           	psect	text0
   170   01FEF8                     __ptext0:
   171                           	callstack 0
   172   01FEF8                     _main:
   173                           	callstack 125
   174   01FEF8                     
   175                           ;main.c: 53:     SYSTEM_Initialize();
   176   01FEF8  EC55  F0FF         	call	_SYSTEM_Initialize	;wreg free
   177   01FEFC                     l877:
   178                           
   179                           ;main.c: 68:     {;main.c: 76:         LATA=0x00;
   180   01FEFC  0E00               	movlw	0
   181   01FEFE  6EBE               	movwf	190,c	;volatile
   182   01FF00                     
   183                           ;main.c: 77:         _delay((unsigned long)((250)*(1000000/4000.0)));
   184   01FF00  0E52               	movlw	82
   185   01FF02  6E01               	movwf	??_main^(0+1280),c
   186   01FF04  0E2A               	movlw	42
   187   01FF06                     u17:
   188   01FF06  2EE8               	decfsz	wreg,f,c
   189   01FF08  D7FE               	bra	u17
   190   01FF0A  2E01               	decfsz	??_main^(0+1280),f,c
   191   01FF0C  D7FC               	bra	u17
   192   01FF0E                     
   193                           ;main.c: 78:         LATA=0x18;
   194   01FF0E  0E18               	movlw	24
   195   01FF10  6EBE               	movwf	190,c	;volatile
   196   01FF12                     
   197                           ;main.c: 79:         _delay((unsigned long)((250)*(1000000/4000.0)));
   198   01FF12  0E52               	movlw	82
   199   01FF14  6E01               	movwf	??_main^(0+1280),c
   200   01FF16  0E2A               	movlw	42
   201   01FF18                     u27:
   202   01FF18  2EE8               	decfsz	wreg,f,c
   203   01FF1A  D7FE               	bra	u27
   204   01FF1C  2E01               	decfsz	??_main^(0+1280),f,c
   205   01FF1E  D7FC               	bra	u27
   206   01FF20                     
   207                           ;main.c: 80:         LATA=0x3C;
   208   01FF20  0E3C               	movlw	60
   209   01FF22  6EBE               	movwf	190,c	;volatile
   210   01FF24                     
   211                           ;main.c: 81:         _delay((unsigned long)((250)*(1000000/4000.0)));
   212   01FF24  0E52               	movlw	82
   213   01FF26  6E01               	movwf	??_main^(0+1280),c
   214   01FF28  0E2A               	movlw	42
   215   01FF2A                     u37:
   216   01FF2A  2EE8               	decfsz	wreg,f,c
   217   01FF2C  D7FE               	bra	u37
   218   01FF2E  2E01               	decfsz	??_main^(0+1280),f,c
   219   01FF30  D7FC               	bra	u37
   220   01FF32                     
   221                           ;main.c: 82:         LATA=0x7E;
   222   01FF32  0E7E               	movlw	126
   223   01FF34  6EBE               	movwf	190,c	;volatile
   224   01FF36                     
   225                           ;main.c: 83:         _delay((unsigned long)((250)*(1000000/4000.0)));
   226   01FF36  0E52               	movlw	82
   227   01FF38  6E01               	movwf	??_main^(0+1280),c
   228   01FF3A  0E2A               	movlw	42
   229   01FF3C                     u47:
   230   01FF3C  2EE8               	decfsz	wreg,f,c
   231   01FF3E  D7FE               	bra	u47
   232   01FF40  2E01               	decfsz	??_main^(0+1280),f,c
   233   01FF42  D7FC               	bra	u47
   234   01FF44                     
   235                           ;main.c: 84:         LATA=0xFF;
   236   01FF44  68BE               	setf	190,c	;volatile
   237   01FF46                     
   238                           ;main.c: 85:         _delay((unsigned long)((250)*(1000000/4000.0)));
   239   01FF46  0E52               	movlw	82
   240   01FF48  6E01               	movwf	??_main^(0+1280),c
   241   01FF4A  0E2A               	movlw	42
   242   01FF4C                     u57:
   243   01FF4C  2EE8               	decfsz	wreg,f,c
   244   01FF4E  D7FE               	bra	u57
   245   01FF50  2E01               	decfsz	??_main^(0+1280),f,c
   246   01FF52  D7FC               	bra	u57
   247   01FF54                     
   248                           ;main.c: 86:         LATA=0x00;
   249   01FF54  0E00               	movlw	0
   250   01FF56  6EBE               	movwf	190,c	;volatile
   251   01FF58  EF7E  F0FF         	goto	l877
   252   01FF5C  EFFE  F0FF         	goto	start
   253   01FF60                     __end_of_main:
   254                           	callstack 0
   255                           
   256 ;; *************** function _SYSTEM_Initialize *****************
   257 ;; Defined at:
   258 ;;		line 50 in file "mcc_generated_files/mcc.c"
   259 ;; Parameters:    Size  Location     Type
   260 ;;		None
   261 ;; Auto vars:     Size  Location     Type
   262 ;;		None
   263 ;; Return value:  Size  Location     Type
   264 ;;                  1    wreg      void 
   265 ;; Registers used:
   266 ;;		wreg, status,2, cstack
   267 ;; Tracked objects:
   268 ;;		On entry : 0/0
   269 ;;		On exit  : 0/0
   270 ;;		Unchanged: 0/0
   271 ;; Data sizes:     COMRAM   BANK5   BANK6   BANK7   BANK8   BANK9  BANK10  BANK11  BANK12  BANK13  BANK14  BANK15  BANK1
      +6  BANK17  BANK18  BANK19  BANK20  BANK21  BANK22  BANK23  BANK24  BANK25  BANK26  BANK27  BANK28  BANK29  BANK30  BANK3
      +1  BANK32  BANK33  BANK34  BANK35  BANK36
   272 ;;      Params:         0       0       0       0       0       0       0       0       0       0       0       0       
      +0       0       0       0       0       0       0       0       0       0       0       0       0       0       0       
      +0       0       0       0       0       0
   273 ;;      Locals:         0       0       0       0       0       0       0       0       0       0       0       0       
      +0       0       0       0       0       0       0       0       0       0       0       0       0       0       0       
      +0       0       0       0       0       0
   274 ;;      Temps:          0       0       0       0       0       0       0       0       0       0       0       0       
      +0       0       0       0       0       0       0       0       0       0       0       0       0       0       0       
      +0       0       0       0       0       0
   275 ;;      Totals:         0       0       0       0       0       0       0       0       0       0       0       0       
      +0       0       0       0       0       0       0       0       0       0       0       0       0       0       0       
      +0       0       0       0       0       0
   276 ;;Total ram usage:        0 bytes
   277 ;; Hardware stack levels used: 1
   278 ;; Hardware stack levels required when called: 1
   279 ;; This function calls:
   280 ;;		_OSCILLATOR_Initialize
   281 ;;		_PIN_MANAGER_Initialize
   282 ;;		_PMD_Initialize
   283 ;; This function is called by:
   284 ;;		_main
   285 ;; This function uses a non-reentrant model
   286 ;;
   287                           
   288                           	psect	text1
   289   01FEAA                     __ptext1:
   290                           	callstack 0
   291   01FEAA                     _SYSTEM_Initialize:
   292                           	callstack 125
   293   01FEAA                     
   294                           ;mcc_generated_files/mcc.c: 52:     PMD_Initialize();
   295   01FEAA  EC6A  F0FF         	call	_PMD_Initialize	;wreg free
   296                           
   297                           ;mcc_generated_files/mcc.c: 53:     PIN_MANAGER_Initialize();
   298   01FEAE  ECB0  F0FF         	call	_PIN_MANAGER_Initialize	;wreg free
   299                           
   300                           ;mcc_generated_files/mcc.c: 54:     OSCILLATOR_Initialize();
   301   01FEB2  EC5C  F0FF         	call	_OSCILLATOR_Initialize	;wreg free
   302   01FEB6  0012               	return		;funcret
   303   01FEB8                     __end_of_SYSTEM_Initialize:
   304                           	callstack 0
   305                           
   306 ;; *************** function _PMD_Initialize *****************
   307 ;; Defined at:
   308 ;;		line 73 in file "mcc_generated_files/mcc.c"
   309 ;; Parameters:    Size  Location     Type
   310 ;;		None
   311 ;; Auto vars:     Size  Location     Type
   312 ;;		None
   313 ;; Return value:  Size  Location     Type
   314 ;;                  1    wreg      void 
   315 ;; Registers used:
   316 ;;		wreg, status,2
   317 ;; Tracked objects:
   318 ;;		On entry : 0/0
   319 ;;		On exit  : 0/0
   320 ;;		Unchanged: 0/0
   321 ;; Data sizes:     COMRAM   BANK5   BANK6   BANK7   BANK8   BANK9  BANK10  BANK11  BANK12  BANK13  BANK14  BANK15  BANK1
      +6  BANK17  BANK18  BANK19  BANK20  BANK21  BANK22  BANK23  BANK24  BANK25  BANK26  BANK27  BANK28  BANK29  BANK30  BANK3
      +1  BANK32  BANK33  BANK34  BANK35  BANK36
   322 ;;      Params:         0       0       0       0       0       0       0       0       0       0       0       0       
      +0       0       0       0       0       0       0       0       0       0       0       0       0       0       0       
      +0       0       0       0       0       0
   323 ;;      Locals:         0       0       0       0       0       0       0       0       0       0       0       0       
      +0       0       0       0       0       0       0       0       0       0       0       0       0       0       0       
      +0       0       0       0       0       0
   324 ;;      Temps:          0       0       0       0       0       0       0       0       0       0       0       0       
      +0       0       0       0       0       0       0       0       0       0       0       0       0       0       0       
      +0       0       0       0       0       0
   325 ;;      Totals:         0       0       0       0       0       0       0       0       0       0       0       0       
      +0       0       0       0       0       0       0       0       0       0       0       0       0       0       0       
      +0       0       0       0       0       0
   326 ;;Total ram usage:        0 bytes
   327 ;; Hardware stack levels used: 1
   328 ;; This function calls:
   329 ;;		Nothing
   330 ;; This function is called by:
   331 ;;		_SYSTEM_Initialize
   332 ;; This function uses a non-reentrant model
   333 ;;
   334                           
   335                           	psect	text2
   336   01FED4                     __ptext2:
   337                           	callstack 0
   338   01FED4                     _PMD_Initialize:
   339                           	callstack 125
   340   01FED4                     
   341                           ;mcc_generated_files/mcc.c: 76:     PMD0 = 0x00;
   342   01FED4  0E00               	movlw	0
   343   01FED6  0100               	movlb	0	; () banked
   344   01FED8  6F60               	movwf	96,b	;volatile
   345                           
   346                           ;mcc_generated_files/mcc.c: 78:     PMD1 = 0x00;
   347   01FEDA  0E00               	movlw	0
   348   01FEDC  6F61               	movwf	97,b	;volatile
   349                           
   350                           ;mcc_generated_files/mcc.c: 80:     PMD3 = 0x00;
   351   01FEDE  0E00               	movlw	0
   352   01FEE0  6F63               	movwf	99,b	;volatile
   353                           
   354                           ;mcc_generated_files/mcc.c: 82:     PMD4 = 0x00;
   355   01FEE2  0E00               	movlw	0
   356   01FEE4  6F64               	movwf	100,b	;volatile
   357                           
   358                           ;mcc_generated_files/mcc.c: 84:     PMD5 = 0x00;
   359   01FEE6  0E00               	movlw	0
   360   01FEE8  6F65               	movwf	101,b	;volatile
   361                           
   362                           ;mcc_generated_files/mcc.c: 86:     PMD6 = 0x00;
   363   01FEEA  0E00               	movlw	0
   364   01FEEC  6F66               	movwf	102,b	;volatile
   365                           
   366                           ;mcc_generated_files/mcc.c: 88:     PMD7 = 0x00;
   367   01FEEE  0E00               	movlw	0
   368   01FEF0  6F67               	movwf	103,b	;volatile
   369                           
   370                           ;mcc_generated_files/mcc.c: 90:     PMD8 = 0x00;
   371   01FEF2  0E00               	movlw	0
   372   01FEF4  6F68               	movwf	104,b	;volatile
   373   01FEF6                     
   374                           ; BSR set to: 0
   375   01FEF6  0012               	return		;funcret
   376   01FEF8                     __end_of_PMD_Initialize:
   377                           	callstack 0
   378                           
   379 ;; *************** function _PIN_MANAGER_Initialize *****************
   380 ;; Defined at:
   381 ;;		line 55 in file "mcc_generated_files/pin_manager.c"
   382 ;; Parameters:    Size  Location     Type
   383 ;;		None
   384 ;; Auto vars:     Size  Location     Type
   385 ;;		None
   386 ;; Return value:  Size  Location     Type
   387 ;;                  1    wreg      void 
   388 ;; Registers used:
   389 ;;		wreg, status,2
   390 ;; Tracked objects:
   391 ;;		On entry : 0/0
   392 ;;		On exit  : 0/0
   393 ;;		Unchanged: 0/0
   394 ;; Data sizes:     COMRAM   BANK5   BANK6   BANK7   BANK8   BANK9  BANK10  BANK11  BANK12  BANK13  BANK14  BANK15  BANK1
      +6  BANK17  BANK18  BANK19  BANK20  BANK21  BANK22  BANK23  BANK24  BANK25  BANK26  BANK27  BANK28  BANK29  BANK30  BANK3
      +1  BANK32  BANK33  BANK34  BANK35  BANK36
   395 ;;      Params:         0       0       0       0       0       0       0       0       0       0       0       0       
      +0       0       0       0       0       0       0       0       0       0       0       0       0       0       0       
      +0       0       0       0       0       0
   396 ;;      Locals:         0       0       0       0       0       0       0       0       0       0       0       0       
      +0       0       0       0       0       0       0       0       0       0       0       0       0       0       0       
      +0       0       0       0       0       0
   397 ;;      Temps:          0       0       0       0       0       0       0       0       0       0       0       0       
      +0       0       0       0       0       0       0       0       0       0       0       0       0       0       0       
      +0       0       0       0       0       0
   398 ;;      Totals:         0       0       0       0       0       0       0       0       0       0       0       0       
      +0       0       0       0       0       0       0       0       0       0       0       0       0       0       0       
      +0       0       0       0       0       0
   399 ;;Total ram usage:        0 bytes
   400 ;; Hardware stack levels used: 1
   401 ;; This function calls:
   402 ;;		Nothing
   403 ;; This function is called by:
   404 ;;		_SYSTEM_Initialize
   405 ;; This function uses a non-reentrant model
   406 ;;
   407                           
   408                           	psect	text3
   409   01FF60                     __ptext3:
   410                           	callstack 0
   411   01FF60                     _PIN_MANAGER_Initialize:
   412                           	callstack 125
   413   01FF60                     
   414                           ;mcc_generated_files/pin_manager.c: 60:     LATE = 0x00;
   415   01FF60  0E00               	movlw	0
   416   01FF62  6EC2               	movwf	194,c	;volatile
   417                           
   418                           ;mcc_generated_files/pin_manager.c: 61:     LATD = 0x00;
   419   01FF64  0E00               	movlw	0
   420   01FF66  6EC1               	movwf	193,c	;volatile
   421                           
   422                           ;mcc_generated_files/pin_manager.c: 62:     LATA = 0x00;
   423   01FF68  0E00               	movlw	0
   424   01FF6A  6EBE               	movwf	190,c	;volatile
   425                           
   426                           ;mcc_generated_files/pin_manager.c: 63:     LATF = 0x00;
   427   01FF6C  0E00               	movlw	0
   428   01FF6E  6EC3               	movwf	195,c	;volatile
   429                           
   430                           ;mcc_generated_files/pin_manager.c: 64:     LATB = 0x00;
   431   01FF70  0E00               	movlw	0
   432   01FF72  6EBF               	movwf	191,c	;volatile
   433                           
   434                           ;mcc_generated_files/pin_manager.c: 65:     LATC = 0x00;
   435   01FF74  0E00               	movlw	0
   436   01FF76  6EC0               	movwf	192,c	;volatile
   437                           
   438                           ;mcc_generated_files/pin_manager.c: 70:     TRISE = 0x07;
   439   01FF78  0E07               	movlw	7
   440   01FF7A  6ECA               	movwf	202,c	;volatile
   441   01FF7C                     
   442                           ;mcc_generated_files/pin_manager.c: 71:     TRISF = 0xFF;
   443   01FF7C  68CB               	setf	203,c	;volatile
   444                           
   445                           ;mcc_generated_files/pin_manager.c: 72:     TRISA = 0x00;
   446   01FF7E  0E00               	movlw	0
   447   01FF80  6EC6               	movwf	198,c	;volatile
   448   01FF82                     
   449                           ;mcc_generated_files/pin_manager.c: 73:     TRISB = 0xFF;
   450   01FF82  68C7               	setf	199,c	;volatile
   451   01FF84                     
   452                           ;mcc_generated_files/pin_manager.c: 74:     TRISC = 0xFF;
   453   01FF84  68C8               	setf	200,c	;volatile
   454   01FF86                     
   455                           ;mcc_generated_files/pin_manager.c: 75:     TRISD = 0xFF;
   456   01FF86  68C9               	setf	201,c	;volatile
   457   01FF88                     
   458                           ;mcc_generated_files/pin_manager.c: 80:     ANSELD = 0xFF;
   459   01FF88  0104               	movlb	4	; () banked
   460   01FF8A  6918               	setf	24,b	;volatile
   461   01FF8C                     
   462                           ; BSR set to: 4
   463                           ;mcc_generated_files/pin_manager.c: 81:     ANSELC = 0xFF;
   464   01FF8C  6910               	setf	16,b	;volatile
   465   01FF8E                     
   466                           ; BSR set to: 4
   467                           ;mcc_generated_files/pin_manager.c: 82:     ANSELB = 0xFF;
   468   01FF8E  6908               	setf	8,b	;volatile
   469                           
   470                           ;mcc_generated_files/pin_manager.c: 83:     ANSELE = 0x07;
   471   01FF90  0E07               	movlw	7
   472   01FF92  6F20               	movwf	32,b	;volatile
   473   01FF94                     
   474                           ; BSR set to: 4
   475                           ;mcc_generated_files/pin_manager.c: 84:     ANSELF = 0xFF;
   476   01FF94  6928               	setf	40,b	;volatile
   477                           
   478                           ;mcc_generated_files/pin_manager.c: 85:     ANSELA = 0x00;
   479   01FF96  0E00               	movlw	0
   480   01FF98  6F00               	movwf	0,b	;volatile
   481                           
   482                           ;mcc_generated_files/pin_manager.c: 90:     WPUD = 0x00;
   483   01FF9A  0E00               	movlw	0
   484   01FF9C  6F19               	movwf	25,b	;volatile
   485                           
   486                           ;mcc_generated_files/pin_manager.c: 91:     WPUF = 0x00;
   487   01FF9E  0E00               	movlw	0
   488   01FFA0  6F29               	movwf	41,b	;volatile
   489                           
   490                           ;mcc_generated_files/pin_manager.c: 92:     WPUE = 0x00;
   491   01FFA2  0E00               	movlw	0
   492   01FFA4  6F21               	movwf	33,b	;volatile
   493                           
   494                           ;mcc_generated_files/pin_manager.c: 93:     WPUB = 0x00;
   495   01FFA6  0E00               	movlw	0
   496   01FFA8  6F09               	movwf	9,b	;volatile
   497                           
   498                           ;mcc_generated_files/pin_manager.c: 94:     WPUA = 0x00;
   499   01FFAA  0E00               	movlw	0
   500   01FFAC  6F01               	movwf	1,b	;volatile
   501                           
   502                           ;mcc_generated_files/pin_manager.c: 95:     WPUC = 0x00;
   503   01FFAE  0E00               	movlw	0
   504   01FFB0  6F11               	movwf	17,b	;volatile
   505                           
   506                           ;mcc_generated_files/pin_manager.c: 100:     RB1I2C = 0x00;
   507   01FFB2  0E00               	movlw	0
   508   01FFB4  0102               	movlb	2	; () banked
   509   01FFB6  6F89               	movwf	137,b	;volatile
   510                           
   511                           ;mcc_generated_files/pin_manager.c: 101:     RB2I2C = 0x00;
   512   01FFB8  0E00               	movlw	0
   513   01FFBA  6F88               	movwf	136,b	;volatile
   514                           
   515                           ;mcc_generated_files/pin_manager.c: 102:     RC3I2C = 0x00;
   516   01FFBC  0E00               	movlw	0
   517   01FFBE  6F87               	movwf	135,b	;volatile
   518                           
   519                           ;mcc_generated_files/pin_manager.c: 103:     RC4I2C = 0x00;
   520   01FFC0  0E00               	movlw	0
   521   01FFC2  6F86               	movwf	134,b	;volatile
   522                           
   523                           ;mcc_generated_files/pin_manager.c: 108:     ODCONE = 0x00;
   524   01FFC4  0E00               	movlw	0
   525   01FFC6  0104               	movlb	4	; () banked
   526   01FFC8  6F22               	movwf	34,b	;volatile
   527                           
   528                           ;mcc_generated_files/pin_manager.c: 109:     ODCONF = 0x00;
   529   01FFCA  0E00               	movlw	0
   530   01FFCC  6F2A               	movwf	42,b	;volatile
   531                           
   532                           ;mcc_generated_files/pin_manager.c: 110:     ODCONA = 0x00;
   533   01FFCE  0E00               	movlw	0
   534   01FFD0  6F02               	movwf	2,b	;volatile
   535                           
   536                           ;mcc_generated_files/pin_manager.c: 111:     ODCONB = 0x00;
   537   01FFD2  0E00               	movlw	0
   538   01FFD4  6F0A               	movwf	10,b	;volatile
   539                           
   540                           ;mcc_generated_files/pin_manager.c: 112:     ODCONC = 0x00;
   541   01FFD6  0E00               	movlw	0
   542   01FFD8  6F12               	movwf	18,b	;volatile
   543                           
   544                           ;mcc_generated_files/pin_manager.c: 113:     ODCOND = 0x00;
   545   01FFDA  0E00               	movlw	0
   546   01FFDC  6F1A               	movwf	26,b	;volatile
   547   01FFDE                     
   548                           ; BSR set to: 4
   549                           ;mcc_generated_files/pin_manager.c: 118:     SLRCONA = 0xFF;
   550   01FFDE  6903               	setf	3,b	;volatile
   551   01FFE0                     
   552                           ; BSR set to: 4
   553                           ;mcc_generated_files/pin_manager.c: 119:     SLRCONB = 0xFF;
   554   01FFE0  690B               	setf	11,b	;volatile
   555   01FFE2                     
   556                           ; BSR set to: 4
   557                           ;mcc_generated_files/pin_manager.c: 120:     SLRCONC = 0xFF;
   558   01FFE2  6913               	setf	19,b	;volatile
   559   01FFE4                     
   560                           ; BSR set to: 4
   561                           ;mcc_generated_files/pin_manager.c: 121:     SLRCOND = 0xFF;
   562   01FFE4  691B               	setf	27,b	;volatile
   563                           
   564                           ;mcc_generated_files/pin_manager.c: 122:     SLRCONE = 0x07;
   565   01FFE6  0E07               	movlw	7
   566   01FFE8  6F23               	movwf	35,b	;volatile
   567   01FFEA                     
   568                           ; BSR set to: 4
   569                           ;mcc_generated_files/pin_manager.c: 123:     SLRCONF = 0xFF;
   570   01FFEA  692B               	setf	43,b	;volatile
   571   01FFEC                     
   572                           ; BSR set to: 4
   573                           ;mcc_generated_files/pin_manager.c: 128:     INLVLA = 0xFF;
   574   01FFEC  6904               	setf	4,b	;volatile
   575   01FFEE                     
   576                           ; BSR set to: 4
   577                           ;mcc_generated_files/pin_manager.c: 129:     INLVLB = 0xFF;
   578   01FFEE  690C               	setf	12,b	;volatile
   579   01FFF0                     
   580                           ; BSR set to: 4
   581                           ;mcc_generated_files/pin_manager.c: 130:     INLVLC = 0xFF;
   582   01FFF0  6914               	setf	20,b	;volatile
   583   01FFF2                     
   584                           ; BSR set to: 4
   585                           ;mcc_generated_files/pin_manager.c: 131:     INLVLD = 0xFF;
   586   01FFF2  691C               	setf	28,b	;volatile
   587                           
   588                           ;mcc_generated_files/pin_manager.c: 132:     INLVLE = 0x0F;
   589   01FFF4  0E0F               	movlw	15
   590   01FFF6  6F24               	movwf	36,b	;volatile
   591   01FFF8                     
   592                           ; BSR set to: 4
   593                           ;mcc_generated_files/pin_manager.c: 133:     INLVLF = 0xFF;
   594   01FFF8  692C               	setf	44,b	;volatile
   595   01FFFA                     
   596                           ; BSR set to: 4
   597   01FFFA  0012               	return		;funcret
   598   01FFFC                     __end_of_PIN_MANAGER_Initialize:
   599                           	callstack 0
   600                           
   601 ;; *************** function _OSCILLATOR_Initialize *****************
   602 ;; Defined at:
   603 ;;		line 57 in file "mcc_generated_files/mcc.c"
   604 ;; Parameters:    Size  Location     Type
   605 ;;		None
   606 ;; Auto vars:     Size  Location     Type
   607 ;;		None
   608 ;; Return value:  Size  Location     Type
   609 ;;                  1    wreg      void 
   610 ;; Registers used:
   611 ;;		wreg, status,2
   612 ;; Tracked objects:
   613 ;;		On entry : 0/0
   614 ;;		On exit  : 0/0
   615 ;;		Unchanged: 0/0
   616 ;; Data sizes:     COMRAM   BANK5   BANK6   BANK7   BANK8   BANK9  BANK10  BANK11  BANK12  BANK13  BANK14  BANK15  BANK1
      +6  BANK17  BANK18  BANK19  BANK20  BANK21  BANK22  BANK23  BANK24  BANK25  BANK26  BANK27  BANK28  BANK29  BANK30  BANK3
      +1  BANK32  BANK33  BANK34  BANK35  BANK36
   617 ;;      Params:         0       0       0       0       0       0       0       0       0       0       0       0       
      +0       0       0       0       0       0       0       0       0       0       0       0       0       0       0       
      +0       0       0       0       0       0
   618 ;;      Locals:         0       0       0       0       0       0       0       0       0       0       0       0       
      +0       0       0       0       0       0       0       0       0       0       0       0       0       0       0       
      +0       0       0       0       0       0
   619 ;;      Temps:          0       0       0       0       0       0       0       0       0       0       0       0       
      +0       0       0       0       0       0       0       0       0       0       0       0       0       0       0       
      +0       0       0       0       0       0
   620 ;;      Totals:         0       0       0       0       0       0       0       0       0       0       0       0       
      +0       0       0       0       0       0       0       0       0       0       0       0       0       0       0       
      +0       0       0       0       0       0
   621 ;;Total ram usage:        0 bytes
   622 ;; Hardware stack levels used: 1
   623 ;; This function calls:
   624 ;;		Nothing
   625 ;; This function is called by:
   626 ;;		_SYSTEM_Initialize
   627 ;; This function uses a non-reentrant model
   628 ;;
   629                           
   630                           	psect	text4
   631   01FEB8                     __ptext4:
   632                           	callstack 0
   633   01FEB8                     _OSCILLATOR_Initialize:
   634                           	callstack 125
   635   01FEB8                     
   636                           ;mcc_generated_files/mcc.c: 60:     OSCCON1 = 0x62;
   637   01FEB8  0E62               	movlw	98
   638   01FEBA  0100               	movlb	0	; () banked
   639   01FEBC  6FAD               	movwf	173,b	;volatile
   640                           
   641                           ;mcc_generated_files/mcc.c: 62:     OSCCON3 = 0x00;
   642   01FEBE  0E00               	movlw	0
   643   01FEC0  6FAF               	movwf	175,b	;volatile
   644                           
   645                           ;mcc_generated_files/mcc.c: 64:     OSCEN = 0x00;
   646   01FEC2  0E00               	movlw	0
   647   01FEC4  6FB3               	movwf	179,b	;volatile
   648                           
   649                           ;mcc_generated_files/mcc.c: 66:     OSCFRQ = 0x02;
   650   01FEC6  0E02               	movlw	2
   651   01FEC8  6FB1               	movwf	177,b	;volatile
   652                           
   653                           ;mcc_generated_files/mcc.c: 68:     OSCTUNE = 0x00;
   654   01FECA  0E00               	movlw	0
   655   01FECC  6FB0               	movwf	176,b	;volatile
   656                           
   657                           ;mcc_generated_files/mcc.c: 70:     ACTCON = 0x00;
   658   01FECE  0E00               	movlw	0
   659   01FED0  6FAC               	movwf	172,b	;volatile
   660   01FED2                     
   661                           ; BSR set to: 0
   662   01FED2  0012               	return		;funcret
   663   01FED4                     __end_of_OSCILLATOR_Initialize:
   664                           	callstack 0
   665   000000                     
   666                           	psect	rparam
   667   000000                     
   668                           	psect	idloc
   669                           
   670                           ;Config register IDLOC0 @ 0x200000
   671                           ;	unspecified, using default values
   672   200000                     	org	2097152
   673   200000  0FFF               	dw	4095
   674                           
   675                           ;Config register IDLOC1 @ 0x200002
   676                           ;	unspecified, using default values
   677   200002                     	org	2097154
   678   200002  0FFF               	dw	4095
   679                           
   680                           ;Config register IDLOC2 @ 0x200004
   681                           ;	unspecified, using default values
   682   200004                     	org	2097156
   683   200004  0FFF               	dw	4095
   684                           
   685                           ;Config register IDLOC3 @ 0x200006
   686                           ;	unspecified, using default values
   687   200006                     	org	2097158
   688   200006  0FFF               	dw	4095
   689                           
   690                           ;Config register IDLOC4 @ 0x200008
   691                           ;	unspecified, using default values
   692   200008                     	org	2097160
   693   200008  0FFF               	dw	4095
   694                           
   695                           ;Config register IDLOC5 @ 0x20000A
   696                           ;	unspecified, using default values
   697   20000A                     	org	2097162
   698   20000A  0FFF               	dw	4095
   699                           
   700                           ;Config register IDLOC6 @ 0x20000C
   701                           ;	unspecified, using default values
   702   20000C                     	org	2097164
   703   20000C  0FFF               	dw	4095
   704                           
   705                           ;Config register IDLOC7 @ 0x20000E
   706                           ;	unspecified, using default values
   707   20000E                     	org	2097166
   708   20000E  0FFF               	dw	4095
   709                           
   710                           ;Config register IDLOC8 @ 0x200010
   711                           ;	unspecified, using default values
   712   200010                     	org	2097168
   713   200010  0FFF               	dw	4095
   714                           
   715                           ;Config register IDLOC9 @ 0x200012
   716                           ;	unspecified, using default values
   717   200012                     	org	2097170
   718   200012  0FFF               	dw	4095
   719                           
   720                           ;Config register IDLOC10 @ 0x200014
   721                           ;	unspecified, using default values
   722   200014                     	org	2097172
   723   200014  0FFF               	dw	4095
   724                           
   725                           ;Config register IDLOC11 @ 0x200016
   726                           ;	unspecified, using default values
   727   200016                     	org	2097174
   728   200016  0FFF               	dw	4095
   729                           
   730                           ;Config register IDLOC12 @ 0x200018
   731                           ;	unspecified, using default values
   732   200018                     	org	2097176
   733   200018  0FFF               	dw	4095
   734                           
   735                           ;Config register IDLOC13 @ 0x20001A
   736                           ;	unspecified, using default values
   737   20001A                     	org	2097178
   738   20001A  0FFF               	dw	4095
   739                           
   740                           ;Config register IDLOC14 @ 0x20001C
   741                           ;	unspecified, using default values
   742   20001C                     	org	2097180
   743   20001C  0FFF               	dw	4095
   744                           
   745                           ;Config register IDLOC15 @ 0x20001E
   746                           ;	unspecified, using default values
   747   20001E                     	org	2097182
   748   20001E  0FFF               	dw	4095
   749                           
   750                           ;Config register IDLOC16 @ 0x200020
   751                           ;	unspecified, using default values
   752   200020                     	org	2097184
   753   200020  0FFF               	dw	4095
   754                           
   755                           ;Config register IDLOC17 @ 0x200022
   756                           ;	unspecified, using default values
   757   200022                     	org	2097186
   758   200022  0FFF               	dw	4095
   759                           
   760                           ;Config register IDLOC18 @ 0x200024
   761                           ;	unspecified, using default values
   762   200024                     	org	2097188
   763   200024  0FFF               	dw	4095
   764                           
   765                           ;Config register IDLOC19 @ 0x200026
   766                           ;	unspecified, using default values
   767   200026                     	org	2097190
   768   200026  0FFF               	dw	4095
   769                           
   770                           ;Config register IDLOC20 @ 0x200028
   771                           ;	unspecified, using default values
   772   200028                     	org	2097192
   773   200028  0FFF               	dw	4095
   774                           
   775                           ;Config register IDLOC21 @ 0x20002A
   776                           ;	unspecified, using default values
   777   20002A                     	org	2097194
   778   20002A  0FFF               	dw	4095
   779                           
   780                           ;Config register IDLOC22 @ 0x20002C
   781                           ;	unspecified, using default values
   782   20002C                     	org	2097196
   783   20002C  0FFF               	dw	4095
   784                           
   785                           ;Config register IDLOC23 @ 0x20002E
   786                           ;	unspecified, using default values
   787   20002E                     	org	2097198
   788   20002E  0FFF               	dw	4095
   789                           
   790                           ;Config register IDLOC24 @ 0x200030
   791                           ;	unspecified, using default values
   792   200030                     	org	2097200
   793   200030  0FFF               	dw	4095
   794                           
   795                           ;Config register IDLOC25 @ 0x200032
   796                           ;	unspecified, using default values
   797   200032                     	org	2097202
   798   200032  0FFF               	dw	4095
   799                           
   800                           ;Config register IDLOC26 @ 0x200034
   801                           ;	unspecified, using default values
   802   200034                     	org	2097204
   803   200034  0FFF               	dw	4095
   804                           
   805                           ;Config register IDLOC27 @ 0x200036
   806                           ;	unspecified, using default values
   807   200036                     	org	2097206
   808   200036  0FFF               	dw	4095
   809                           
   810                           ;Config register IDLOC28 @ 0x200038
   811                           ;	unspecified, using default values
   812   200038                     	org	2097208
   813   200038  0FFF               	dw	4095
   814                           
   815                           ;Config register IDLOC29 @ 0x20003A
   816                           ;	unspecified, using default values
   817   20003A                     	org	2097210
   818   20003A  0FFF               	dw	4095
   819                           
   820                           ;Config register IDLOC30 @ 0x20003C
   821                           ;	unspecified, using default values
   822   20003C                     	org	2097212
   823   20003C  0FFF               	dw	4095
   824                           
   825                           ;Config register IDLOC31 @ 0x20003E
   826                           ;	unspecified, using default values
   827   20003E                     	org	2097214
   828   20003E  0FFF               	dw	4095
   829                           
   830                           	psect	config
   831                           
   832                           ;Config register CONFIG1 @ 0x300000
   833                           ;	External Oscillator Selection
   834                           ;	FEXTOSC = OFF, Oscillator not enabled
   835                           ;	Reset Oscillator Selection
   836                           ;	RSTOSC = HFINTOSC_1MHZ, HFINTOSC with HFFRQ = 4 MHz and CDIV = 4:1
   837   300000                     	org	3145728
   838   300000  EC                 	db	236
   839                           
   840                           ;Config register CONFIG2 @ 0x300001
   841                           ;	Clock out Enable bit
   842                           ;	CLKOUTEN = OFF, CLKOUT function is disabled
   843                           ;	PRLOCKED One-Way Set Enable bit
   844                           ;	PR1WAY = ON, PRLOCKED bit can be cleared and set only once
   845                           ;	Clock Switch Enable bit
   846                           ;	CSWEN = ON, Writing to NOSC and NDIV is allowed
   847                           ;	Fail-Safe Clock Monitor Enable bit
   848                           ;	FCMEN = ON, Fail-Safe Clock Monitor enabled
   849   300001                     	org	3145729
   850   300001  FF                 	db	255
   851                           
   852                           ;Config register CONFIG3 @ 0x300002
   853                           ;	MCLR Enable bit
   854                           ;	MCLRE = EXTMCLR, If LVP = 0, MCLR pin is MCLR; If LVP = 1, RE3 pin function is MCLR
   855                           ;	Power-up timer selection bits
   856                           ;	PWRTS = PWRT_OFF, PWRT is disabled
   857                           ;	Multi-vector enable bit
   858                           ;	MVECEN = OFF, Interrupt contoller does not use vector table to prioritze interrupts
   859                           ;	IVTLOCK bit One-way set enable bit
   860                           ;	IVT1WAY = ON, IVTLOCKED bit can be cleared and set only once
   861                           ;	Low Power BOR Enable bit
   862                           ;	LPBOREN = OFF, Low-Power BOR disabled
   863                           ;	Brown-out Reset Enable bits
   864                           ;	BOREN = SBORDIS, Brown-out Reset enabled , SBOREN bit is ignored
   865   300002                     	org	3145730
   866   300002  F7                 	db	247
   867                           
   868                           ;Config register CONFIG4 @ 0x300003
   869                           ;	Brown-out Reset Voltage Selection bits
   870                           ;	BORV = VBOR_1P9, Brown-out Reset Voltage (VBOR) set to 1.9V
   871                           ;	ZCD Disable bit
   872                           ;	ZCD = OFF, ZCD module is disabled. ZCD can be enabled by setting the ZCDSEN bit of ZCD
      +                          CON
   873                           ;	PPSLOCK bit One-Way Set Enable bit
   874                           ;	PPS1WAY = ON, PPSLOCKED bit can be cleared and set only once; PPS registers remain loc
      +                          ked after one clear/set cycle
   875                           ;	Stack Full/Underflow Reset Enable bit
   876                           ;	STVREN = ON, Stack full/underflow will cause Reset
   877                           ;	Low Voltage Programming Enable bit
   878                           ;	LVP = ON, Low voltage programming enabled. MCLR/VPP pin function is MCLR. MCLRE config
      +                          uration bit is ignored
   879                           ;	Extended Instruction Set Enable bit
   880                           ;	XINST = OFF, Extended Instruction Set and Indexed Addressing Mode disabled
   881   300003                     	org	3145731
   882   300003  FF                 	db	255
   883                           
   884                           ;Config register CONFIG5 @ 0x300004
   885                           ;	WDT Period selection bits
   886                           ;	WDTCPS = WDTCPS_31, Divider ratio 1:65536; software control of WDTPS
   887                           ;	WDT operating mode
   888                           ;	WDTE = OFF, WDT Disabled; SWDTEN is ignored
   889   300004                     	org	3145732
   890   300004  9F                 	db	159
   891                           
   892                           ;Config register CONFIG6 @ 0x300005
   893                           ;	WDT Window Select bits
   894                           ;	WDTCWS = WDTCWS_7, window always open (100%); software control; keyed access not requi
      +                          red
   895                           ;	WDT input clock selector
   896                           ;	WDTCCS = SC, Software Control
   897   300005                     	org	3145733
   898   300005  FF                 	db	255
   899                           
   900                           ;Config register CONFIG7 @ 0x300006
   901                           ;	Boot Block Size selection bits
   902                           ;	BBSIZE = BBSIZE_512, Boot Block size is 512 words
   903                           ;	Boot Block enable bit
   904                           ;	BBEN = OFF, Boot block disabled
   905                           ;	Storage Area Flash enable bit
   906                           ;	SAFEN = OFF, SAF disabled
   907                           ;	Background Debugger
   908                           ;	DEBUG = OFF, Background Debugger disabled
   909   300006                     	org	3145734
   910   300006  FF                 	db	255
   911                           
   912                           ;Config register CONFIG8 @ 0x300007
   913                           ;	Boot Block Write Protection bit
   914                           ;	WRTB = OFF, Boot Block not Write protected
   915                           ;	Configuration Register Write Protection bit
   916                           ;	WRTC = OFF, Configuration registers not Write protected
   917                           ;	Data EEPROM Write Protection bit
   918                           ;	WRTD = OFF, Data EEPROM not Write protected
   919                           ;	SAF Write protection bit
   920                           ;	WRTSAF = OFF, SAF not Write Protected
   921                           ;	Application Block write protection bit
   922                           ;	WRTAPP = OFF, Application Block not write protected
   923   300007                     	org	3145735
   924   300007  FF                 	db	255
   925                           
   926                           ; Padding undefined space
   927   300008                     	org	3145736
   928   300008  FF                 	db	255
   929                           
   930                           ;Config register CONFIG10 @ 0x300009
   931                           ;	PFM and Data EEPROM Code Protection bit
   932                           ;	CP = OFF, PFM and Data EEPROM code protection disabled
   933   300009                     	org	3145737
   934   300009  FF                 	db	255
   935                           tosu	equ	0x4FF
   936                           tosh	equ	0x4FE
   937                           tosl	equ	0x4FD
   938                           stkptr	equ	0x4FC
   939                           pclatu	equ	0x4FB
   940                           pclath	equ	0x4FA
   941                           pcl	equ	0x4F9
   942                           tblptru	equ	0x4F8
   943                           tblptrh	equ	0x4F7
   944                           tblptrl	equ	0x4F6
   945                           tablat	equ	0x4F5
   946                           prodh	equ	0x4F4
   947                           prodl	equ	0x4F3
   948                           indf0	equ	0x4EF
   949                           postinc0	equ	0x4EE
   950                           postdec0	equ	0x4ED
   951                           preinc0	equ	0x4EC
   952                           plusw0	equ	0x4EB
   953                           fsr0h	equ	0x4EA
   954                           fsr0l	equ	0x4E9
   955                           wreg	equ	0x4E8
   956                           indf1	equ	0x4E7
   957                           postinc1	equ	0x4E6
   958                           postdec1	equ	0x4E5
   959                           preinc1	equ	0x4E4
   960                           plusw1	equ	0x4E3
   961                           fsr1h	equ	0x4E2
   962                           fsr1l	equ	0x4E1
   963                           bsr	equ	0x4E0
   964                           indf2	equ	0x4DF
   965                           postinc2	equ	0x4DE
   966                           postdec2	equ	0x4DD
   967                           preinc2	equ	0x4DC
   968                           plusw2	equ	0x4DB
   969                           fsr2h	equ	0x4DA
   970                           fsr2l	equ	0x4D9
   971                           status	equ	0x4D8

Data Sizes:
    Strings     0
    Constant    0
    Data        0
    BSS         0
    Persistent  0
    Stack       0

Auto Spaces:
    Space          Size  Autos    Used
    COMRAM           95      1       1
    BANK5           160      0       0
    BANK6           256      0       0
    BANK7           256      0       0
    BANK8           256      0       0
    BANK9           256      0       0
    BANK10          256      0       0
    BANK11          256      0       0
    BANK12          256      0       0
    BANK13          256      0       0
    BANK14          256      0       0
    BANK15          256      0       0
    BANK16          256      0       0
    BANK17          256      0       0
    BANK18          256      0       0
    BANK19          256      0       0
    BANK20          256      0       0
    BANK21          256      0       0
    BANK22          256      0       0
    BANK23          256      0       0
    BANK24          256      0       0
    BANK25          256      0       0
    BANK26          256      0       0
    BANK27          256      0       0
    BANK28          256      0       0
    BANK29          256      0       0
    BANK30          256      0       0
    BANK31          256      0       0
    BANK32          256      0       0
    BANK33          256      0       0
    BANK34          256      0       0
    BANK35          256      0       0
    BANK36          256      0       0

Pointer List with Targets:

    None.

Critical Paths under _main in COMRAM

    None.

Critical Paths under _main in BANK5

    None.

Critical Paths under _main in BANK6

    None.

Critical Paths under _main in BANK7

    None.

Critical Paths under _main in BANK8

    None.

Critical Paths under _main in BANK9

    None.

Critical Paths under _main in BANK10

    None.

Critical Paths under _main in BANK11

    None.

Critical Paths under _main in BANK12

    None.

Critical Paths under _main in BANK13

    None.

Critical Paths under _main in BANK14

    None.

Critical Paths under _main in BANK15

    None.

Critical Paths under _main in BANK16

    None.

Critical Paths under _main in BANK17

    None.

Critical Paths under _main in BANK18

    None.

Critical Paths under _main in BANK19

    None.

Critical Paths under _main in BANK20

    None.

Critical Paths under _main in BANK21

    None.

Critical Paths under _main in BANK22

    None.

Critical Paths under _main in BANK23

    None.

Critical Paths under _main in BANK24

    None.

Critical Paths under _main in BANK25

    None.

Critical Paths under _main in BANK26

    None.

Critical Paths under _main in BANK27

    None.

Critical Paths under _main in BANK28

    None.

Critical Paths under _main in BANK29

    None.

Critical Paths under _main in BANK30

    None.

Critical Paths under _main in BANK31

    None.

Critical Paths under _main in BANK32

    None.

Critical Paths under _main in BANK33

    None.

Critical Paths under _main in BANK34

    None.

Critical Paths under _main in BANK35

    None.

Critical Paths under _main in BANK36

    None.

Call Graph Tables:

 ---------------------------------------------------------------------------------
 (Depth) Function   	        Calls       Base Space   Used Autos Params    Refs
 ---------------------------------------------------------------------------------
 (0) _main                                                 1     1      0       0
                                              0 COMRAM     1     1      0
                  _SYSTEM_Initialize
 ---------------------------------------------------------------------------------
 (1) _SYSTEM_Initialize                                    0     0      0       0
              _OSCILLATOR_Initialize
             _PIN_MANAGER_Initialize
                     _PMD_Initialize
 ---------------------------------------------------------------------------------
 (2) _PMD_Initialize                                       0     0      0       0
 ---------------------------------------------------------------------------------
 (2) _PIN_MANAGER_Initialize                               0     0      0       0
 ---------------------------------------------------------------------------------
 (2) _OSCILLATOR_Initialize                                0     0      0       0
 ---------------------------------------------------------------------------------
 Estimated maximum stack depth 2
 ---------------------------------------------------------------------------------

 Call Graph Graphs:

 _main (ROOT)
   _SYSTEM_Initialize
     _OSCILLATOR_Initialize
     _PIN_MANAGER_Initialize
     _PMD_Initialize

 Address spaces:
Name               Size   Autos  Total    Cost      Usage
BITCOMRAM           5F      0       0       0        0.0%
EEDATA             400      0       0       0        0.0%
NULL                 0      0       0       0        0.0%
CODE                 0      0       0       0        0.0%
COMRAM              5F      1       1       1        1.1%
STACK                0      0       0       2        0.0%
DATA                 0      0       0       3        0.0%
BITBANK5            A0      0       0       4        0.0%
BANK5               A0      0       0       5        0.0%
BITBANK6           100      0       0       6        0.0%
BANK6              100      0       0       7        0.0%
BITBANK7           100      0       0       8        0.0%
BANK7              100      0       0       9        0.0%
BITBANK8           100      0       0      10        0.0%
BANK8              100      0       0      11        0.0%
BITBANK9           100      0       0      12        0.0%
BANK9              100      0       0      13        0.0%
BITBANK10          100      0       0      14        0.0%
BANK10             100      0       0      15        0.0%
BITBANK11          100      0       0      16        0.0%
BANK11             100      0       0      17        0.0%
BITBANK12          100      0       0      18        0.0%
BANK12             100      0       0      19        0.0%
BITBANK13          100      0       0      20        0.0%
BANK13             100      0       0      21        0.0%
BITBANK14          100      0       0      22        0.0%
BANK14             100      0       0      23        0.0%
BITBANK15          100      0       0      24        0.0%
BANK15             100      0       0      25        0.0%
BITBANK16          100      0       0      26        0.0%
BANK16             100      0       0      27        0.0%
BITBANK17          100      0       0      28        0.0%
BANK17             100      0       0      29        0.0%
BITBANK18          100      0       0      30        0.0%
BANK18             100      0       0      31        0.0%
BITBANK19          100      0       0      32        0.0%
BANK19             100      0       0      33        0.0%
BITBANK20          100      0       0      34        0.0%
BANK20             100      0       0      35        0.0%
BITBANK21          100      0       0      36        0.0%
BANK21             100      0       0      37        0.0%
BITBANK22          100      0       0      38        0.0%
BANK22             100      0       0      39        0.0%
BITBANK23          100      0       0      40        0.0%
BANK23             100      0       0      41        0.0%
BITBANK24          100      0       0      42        0.0%
BANK24             100      0       0      43        0.0%
ABS                  0      0       0      44        0.0%
BITBANK25          100      0       0      45        0.0%
BANK25             100      0       0      46        0.0%
BITBANK26          100      0       0      47        0.0%
BANK26             100      0       0      48        0.0%
BITBANK27          100      0       0      49        0.0%
BANK27             100      0       0      50        0.0%
BITBANK28          100      0       0      51        0.0%
BANK28             100      0       0      52        0.0%
BITBANK29          100      0       0      53        0.0%
BANK29             100      0       0      54        0.0%
BITBANK30          100      0       0      55        0.0%
BANK30             100      0       0      56        0.0%
BITBANK31          100      0       0      57        0.0%
BANK31             100      0       0      58        0.0%
BITBANK32          100      0       0      59        0.0%
BANK32             100      0       0      60        0.0%
BITBANK33          100      0       0      61        0.0%
BANK33             100      0       0      62        0.0%
BITBANK34          100      0       0      63        0.0%
BANK34             100      0       0      64        0.0%
BITBANK35          100      0       0      65        0.0%
BANK35             100      0       0      66        0.0%
BITBANK36          100      0       0      67        0.0%
BANK36             100      0       0      68        0.0%
BITBIGSFR_1        100      0       0      69        0.0%
BIGRAM            1FFF      0       0      70        0.0%
BITBIGSFRhh         34      0       0      71        0.0%
BITBIGSFRhll         2      0       0      72        0.0%
BITBIGSFRllhhh      91      0       0      73        0.0%
BITBIGSFRllhhl       3      0       0      74        0.0%
BITBIGSFRllhl        3      0       0      75        0.0%
BITBIGSFRlllh        3      0       0      76        0.0%
BITBIGSFRllllh       3      0       0      77        0.0%
BITBIGSFRlllllh      3      0       0      78        0.0%
BITBIGSFRllllll    176      0       0      79        0.0%
BITBIGSFRllllll    1D2      0       0      80        0.0%
BITBIGSFRllllll      1      0       0      81        0.0%
BITBIGSFRllllll      1      0       0      82        0.0%
BITBIGSFRllllll     43      0       0      83        0.0%
BITBIGSFRllllll      1      0       0      84        0.0%
BITBIGSFRllllll     60      0       0      85        0.0%
BIGSFR_1             0      0       0     200        0.0%
BIGSFR               0      0       0     200        0.0%
BITSFR_6             0      0       0     200        0.0%
SFR_6                0      0       0     200        0.0%
BITSFR_5             0      0       0     200        0.0%
SFR_5                0      0       0     200        0.0%
BITSFR_4             0      0       0     200        0.0%
SFR_4                0      0       0     200        0.0%
BITSFR_3             0      0       0     200        0.0%
SFR_3                0      0       0     200        0.0%
BITSFR_2             0      0       0     200        0.0%
SFR_2                0      0       0     200        0.0%
BITSFR_1             0      0       0     200        0.0%
SFR_1                0      0       0     200        0.0%
BITSFR               0      0       0     200        0.0%
SFR                  0      0       0     200        0.0%


Microchip Technology PIC18 Macro Assembler V2.40 build 20220703182018 
Symbol Table                                                                                   Fri Sep 23 19:14:55 2022

                            l95 FFFA                              u17 FF06                              u27 FF18  
                            u37 FF2A                              u47 FF3C                              u57 FF4C  
                           l152 FED2                             l155 FEF6                             l149 FEB6  
                           l831 FF60                             l841 FF88                             l833 FF7C  
                           l851 FFE0                             l843 FF8C                             l835 FF82  
                           l861 FFEE                             l853 FFE2                             l845 FF8E  
                           l837 FF84                             l871 FEB8                             l863 FFF0  
                           l855 FFE4                             l847 FF94                             l839 FF86  
                           l865 FFF2                             l857 FFEA                             l849 FFDE  
                           l873 FEAA                             l881 FF0E                             l867 FFF8  
                           l859 FFEC                             l891 FF36                             l883 FF12  
                           l875 FEF8                             l869 FED4                             l893 FF44  
                           l885 FF20                             l877 FEFC                             l895 FF46  
                           l887 FF24                             l879 FF00                             l897 FF54  
                           l889 FF32                             wreg 0004E8                            _LATA 0004BE  
                          _LATB 0004BF                            _LATC 0004C0                            _LATD 0004C1  
                          _LATE 0004C2                            _LATF 0004C3                            _PMD0 000060  
                          _PMD1 000061                            _PMD3 000063                            _PMD4 000064  
                          _PMD5 000065                            _PMD6 000066                            _PMD7 000067  
                          _PMD8 000068                            _WPUA 000401                            _WPUB 000409  
                          _WPUC 000411                            _WPUD 000419                            _WPUE 000421  
                          _WPUF 000429                            _main FEF8                            start FFFC  
                  ___param_bank 000000   __end_of_OSCILLATOR_Initialize FED4                           ?_main 0501  
                         _OSCEN 0000B3                           _TRISA 0004C6                           _TRISB 0004C7  
                         _TRISC 0004C8                           _TRISD 0004C9                           _TRISE 0004CA  
                         _TRISF 0004CB                 __initialization FEA4                    __end_of_main FF60  
                        ??_main 0501                   __activetblptr 000000                          _ACTCON 0000AC  
                        _ANSELA 000400                          _ANSELB 000408                          _ANSELC 000410  
                        _ANSELD 000418                          _ANSELE 000420                          _ANSELF 000428  
                        _RB1I2C 000289                          _RB2I2C 000288                          _RC3I2C 000287  
                        _RC4I2C 000286                          _ODCONA 000402                          _ODCONB 00040A  
                        _ODCONC 000412                          _ODCOND 00041A                          _ODCONE 000422  
                        _ODCONF 00042A                          _INLVLA 000404                          _INLVLB 00040C  
                        _INLVLC 000414                          _INLVLD 00041C                          _INLVLE 000424  
                        _INLVLF 00042C                          _OSCFRQ 0000B1                          isa$std 000001  
                _PMD_Initialize FED4               _SYSTEM_Initialize FEAA                      __accesstop 0560  
       __end_of__initialization FEA4              ?_SYSTEM_Initialize 0501                   ___rparam_used 000001  
                __pcstackCOMRAM 0501             ??_SYSTEM_Initialize 0501          __end_of_PMD_Initialize FEF8  
     __end_of_SYSTEM_Initialize FEB8                 ?_PMD_Initialize 0501                         _OSCCON1 0000AD  
                       _OSCCON3 0000AF                         _OSCTUNE 0000B0                         _SLRCONA 000403  
                       _SLRCONB 00040B                         _SLRCONC 000413                         _SLRCOND 00041B  
                       _SLRCONE 000423                         _SLRCONF 00042B                         __Hparam 0000  
                       __Lparam 0000                         __pcinit FEA4                         __ramtop 2600  
                       __ptext0 FEF8                         __ptext1 FEAA                         __ptext2 FED4  
                       __ptext3 FF60                         __ptext4 FEB8           _OSCILLATOR_Initialize FEB8  
      ??_PIN_MANAGER_Initialize 0501            end_of_initialization FEA4          ?_OSCILLATOR_Initialize 0501  
           start_initialization FEA4                ??_PMD_Initialize 0501          _PIN_MANAGER_Initialize FF60  
                      __Hrparam 0000                        __Lrparam 0000         ??_OSCILLATOR_Initialize 0501  
                      isa$xinst 000000         ?_PIN_MANAGER_Initialize 0501  __end_of_PIN_MANAGER_Initialize FFFC  
